0 verbose cli D:\nodejs\node.exe D:\nodejs\node_modules\npm\bin\npm-cli.js
1 info using npm@9.6.7
2 info using node@v18.17.0
3 timing npm:load:whichnode Completed in 3ms
4 timing config:load:defaults Completed in 1ms
5 timing config:load:file:D:\nodejs\node_modules\npm\npmrc Completed in 3ms
6 timing config:load:builtin Completed in 3ms
7 timing config:load:cli Completed in 2ms
8 timing config:load:env Completed in 1ms
9 timing config:load:project Completed in 0ms
10 timing config:load:file:C:\Users\白\.npmrc Completed in 1ms
11 timing config:load:user Completed in 1ms
12 timing config:load:file:d:\前端学习\Vue\express_vue_project\expressVueProject\front\node_global\etc\npmrc Completed in 0ms
13 timing config:load:global Completed in 0ms
14 timing config:load:setEnvs Completed in 1ms
15 timing config:load Completed in 9ms
16 timing npm:load:configload Completed in 9ms
17 timing npm:load:mkdirpcache Completed in 1ms
18 timing npm:load:mkdirplogs Completed in 0ms
19 verbose title npm prefix
20 verbose argv "prefix" "--global"
21 timing npm:load:setTitle Completed in 1ms
22 timing config:load:flatten Completed in 2ms
23 timing npm:load:display Completed in 3ms
24 verbose logfile logs-max:10 dir:d:\前端学习\Vue\express_vue_project\expressVueProject\front\node_cache\_logs\2024-03-03T05_32_59_537Z-
25 verbose logfile d:\前端学习\Vue\express_vue_project\expressVueProject\front\node_cache\_logs\2024-03-03T05_32_59_537Z-debug-0.log
26 timing npm:load:logFile Completed in 9ms
27 timing npm:load:timers Completed in 0ms
28 timing npm:load:configScope Completed in 0ms
29 timing npm:load Completed in 26ms
30 timing command:prefix Completed in 2ms
31 verbose exit 0
32 timing npm Completed in 36ms
33 info ok
