0 verbose cli D:\nodejs\node.exe D:\nodejs\node_modules\npm\bin\npm-cli.js
1 info using npm@9.6.7
2 info using node@v18.17.0
3 timing npm:load:whichnode Completed in 3ms
4 timing config:load:defaults Completed in 3ms
5 timing config:load:file:D:\nodejs\node_modules\npm\npmrc Completed in 2ms
6 timing config:load:builtin Completed in 2ms
7 timing config:load:cli Completed in 2ms
8 timing config:load:env Completed in 1ms
9 timing config:load:file:d:\前端学习\Vue\express_vue_project\expressVueProject\server\.npmrc Completed in 1ms
10 timing config:load:project Completed in 3ms
11 timing config:load:file:C:\Users\白\.npmrc Completed in 1ms
12 timing config:load:user Completed in 1ms
13 timing config:load:file:d:\前端学习\Vue\express_vue_project\expressVueProject\server\node_global\etc\npmrc Completed in 0ms
14 timing config:load:global Completed in 0ms
15 timing config:load:setEnvs Completed in 1ms
16 timing config:load Completed in 16ms
17 timing npm:load:configload Completed in 16ms
18 timing npm:load:mkdirpcache Completed in 0ms
19 timing npm:load:mkdirplogs Completed in 0ms
20 verbose title npm view joi description dist-tags.latest homepage version time
21 verbose argv "view" "--json" "--" "joi" "description" "dist-tags.latest" "homepage" "version" "time"
22 timing npm:load:setTitle Completed in 1ms
23 timing config:load:flatten Completed in 3ms
24 timing npm:load:display Completed in 5ms
25 verbose logfile logs-max:10 dir:d:\前端学习\Vue\express_vue_project\expressVueProject\server\node_cache\_logs\2024-03-04T07_25_24_968Z-
26 verbose logfile d:\前端学习\Vue\express_vue_project\expressVueProject\server\node_cache\_logs\2024-03-04T07_25_24_968Z-debug-0.log
27 timing npm:load:logFile Completed in 10ms
28 timing npm:load:timers Completed in 0ms
29 timing npm:load:configScope Completed in 0ms
30 timing npm:load Completed in 36ms
31 silly logfile start cleaning logs, removing 1 files
32 silly logfile done cleaning log files
33 http fetch GET 200 https://registry.npmmirror.com/joi 1678ms (cache miss)
34 timing command:view Completed in 1703ms
35 verbose exit 0
36 timing npm Completed in 2124ms
37 info ok
